<?xml version="1.0" encoding="UTF-8"?>
<!-- Generated by org.testng.reporters.JUnitReportReporter -->
<testsuite hostname="ddbddfdddafdbba328803427caecbadcceedcdfone-0" failures="0" tests="3" name="runner.AppTest" time="85.775" errors="0" timestamp="2025-06-18T14:03:47 UTC" skipped="0">
  <testcase classname="runner.AppTest" name="test3" time="54.151"/>
  <testcase classname="runner.AppTest" name="test2" time="14.923"/>
  <testcase classname="runner.AppTest" name="test1" time="16.701"/>
</testsuite> <!-- runner.AppTest -->
